
[0;36mâ”â”â”â”â”â”â”â”â”â”â”â”â”â”â”â”â”â”â”â”â”â”â”â”â”â”â”â”â”â”â”â”â”â”â”â”â”â”â”â”â”â”â”â”â”â”â”â”â”â”â”â”â”[0m
[0;36mLoppestars Deployment[0m
[0;36mâ”â”â”â”â”â”â”â”â”â”â”â”â”â”â”â”â”â”â”â”â”â”â”â”â”â”â”â”â”â”â”â”â”â”â”â”â”â”â”â”â”â”â”â”â”â”â”â”â”â”â”â”â”[0m

[0;32mâœ… Loaded environment variables[0m

[0;36mâ”â”â”â”â”â”â”â”â”â”â”â”â”â”â”â”â”â”â”â”â”â”â”â”â”â”â”â”â”â”â”â”â”â”â”â”â”â”â”â”â”â”â”â”â”â”â”â”â”â”â”â”â”[0m
[0;36mDeploying Infrastructure[0m
[0;36mâ”â”â”â”â”â”â”â”â”â”â”â”â”â”â”â”â”â”â”â”â”â”â”â”â”â”â”â”â”â”â”â”â”â”â”â”â”â”â”â”â”â”â”â”â”â”â”â”â”â”â”â”â”[0m

[0;34mâ„¹ï¸  Checking for ACM certificate...[0m
[0;32mâœ… Found existing certificate: arn:aws:acm:eu-central-1:035338517878:certificate/82a99014-eb81-4aef-b32b-ea6071457b52[0m
[0;34mâ„¹ï¸  Deploying CloudFormation stack...[0m

Waiting for changeset to be created..
Waiting for stack create/update to complete
Successfully created/updated stack - LoppestarsEcsStack
[0;32mâœ… Infrastructure deployed[0m
ERROR: Cannot connect to the Docker daemon at unix:///Users/andreas/.docker/run/docker.sock. Is the docker daemon running?
Cannot connect to the Docker daemon at unix:///Users/andreas/.docker/run/docker.sock. Is the docker daemon running?
Cannot connect to the Docker daemon at unix:///Users/andreas/.docker/run/docker.sock. Is the docker daemon running?
Cannot connect to the Docker daemon at unix:///Users/andreas/.docker/run/docker.sock. Is the docker daemon running?
Cannot connect to the Docker daemon at unix:///Users/andreas/.docker/run/docker.sock. Is the docker daemon running?

Error parsing parameter 'cli-input-json': Invalid JSON received.

[0;36mâ”â”â”â”â”â”â”â”â”â”â”â”â”â”â”â”â”â”â”â”â”â”â”â”â”â”â”â”â”â”â”â”â”â”â”â”â”â”â”â”â”â”â”â”â”â”â”â”â”â”â”â”â”[0m
[0;36mDeploying ECS Service[0m
[0;36mâ”â”â”â”â”â”â”â”â”â”â”â”â”â”â”â”â”â”â”â”â”â”â”â”â”â”â”â”â”â”â”â”â”â”â”â”â”â”â”â”â”â”â”â”â”â”â”â”â”â”â”â”â”[0m

