
2025-10-07 15:35:51,277 - INFO - Starting fleamarket scraper cron service
2025-10-07 15:35:51,278 - INFO - Running initial scrape...
2025-10-07 15:35:51,278 - INFO - ================================================================================
2025-10-07 15:35:51,279 - INFO - Starting fleamarket scraper...
2025-10-07 15:35:51,279 - INFO - Timestamp: 2025-10-07T15:35:51.279783
2025-10-07 15:35:51,280 - INFO - ================================================================================
2025-10-07 15:35:51,280 - INFO - Discovering available spiders...
2025-10-07 15:35:52,810 - INFO - Found 2 spider(s): fleamarket, loppemarkeder
2025-10-07 15:35:52,810 - INFO - 
2025-10-07 15:35:52,810 - INFO - --------------------------------------------------------------------------------
2025-10-07 15:35:52,811 - INFO - [1/2] Starting spider: 'fleamarket'
2025-10-07 15:35:52,811 - INFO - Spider start time: 15:35:52
2025-10-07 15:35:52,812 - INFO - --------------------------------------------------------------------------------
2025-10-07 15:36:00,203 - WARNING -   STDERR: 2025-10-07 15:35:53 [scrapy.utils.log] INFO: Scrapy 2.13.3 started (bot: scrapy_project)
2025-10-07 15:36:00,205 - WARNING -   STDERR: 2025-10-07 15:35:53 [scrapy.utils.log] INFO: Versions:
2025-10-07 15:36:00,206 - WARNING -   STDERR: {'lxml': '6.0.2',
2025-10-07 15:36:00,206 - WARNING -   STDERR: 'libxml2': '2.14.6',
2025-10-07 15:36:00,206 - WARNING -   STDERR: 'cssselect': '1.3.0',
2025-10-07 15:36:00,207 - WARNING -   STDERR: 'parsel': '1.10.0',
2025-10-07 15:36:00,207 - WARNING -   STDERR: 'w3lib': '2.3.1',
2025-10-07 15:36:00,207 - WARNING -   STDERR: 'Twisted': '25.5.0',
2025-10-07 15:36:00,208 - WARNING -   STDERR: 'Python': '3.11.13 (main, Sep 30 2025, 00:38:45) [GCC 14.2.0]',
2025-10-07 15:36:00,208 - WARNING -   STDERR: 'pyOpenSSL': '25.3.0 (OpenSSL 3.5.4 30 Sep 2025)',
2025-10-07 15:36:00,208 - WARNING -   STDERR: 'cryptography': '46.0.2',
2025-10-07 15:36:00,209 - WARNING -   STDERR: 'Platform': 'Linux-6.10.14-linuxkit-x86_64-with-glibc2.41'}
2025-10-07 15:36:00,209 - WARNING -   STDERR: 2025-10-07 15:35:53 [fleamarket] INFO: Initializing fleamarket spider (max_markets=10)
2025-10-07 15:36:00,210 - WARNING -   STDERR: 2025-10-07 15:35:53 [scrapy.addons] INFO: Enabled addons:
2025-10-07 15:36:00,210 - WARNING -   STDERR: []
2025-10-07 15:36:00,210 - WARNING -   STDERR: 2025-10-07 15:35:53 [py.warnings] WARNING: /usr/local/lib/python3.11/site-packages/scrapy/utils/request.py:120: ScrapyDeprecationWarning: 'REQUEST_FINGERPRINTER_IMPLEMENTATION' is a deprecated setting.
2025-10-07 15:36:00,211 - WARNING -   STDERR: It will be removed in a future version of Scrapy.
2025-10-07 15:36:00,211 - WARNING -   STDERR: return cls(crawler)
2025-10-07 15:36:00,211 - WARNING -   STDERR: 2025-10-07 15:35:53 [scrapy.extensions.telnet] INFO: Telnet Password: 0d578091223e1643
2025-10-07 15:36:00,211 - WARNING -   STDERR: 2025-10-07 15:35:53 [scrapy.middleware] INFO: Enabled extensions:
2025-10-07 15:36:00,212 - WARNING -   STDERR: ['scrapy.extensions.corestats.CoreStats',
2025-10-07 15:36:00,212 - WARNING -   STDERR: 'scrapy.extensions.telnet.TelnetConsole',
2025-10-07 15:36:00,213 - WARNING -   STDERR: 'scrapy.extensions.memusage.MemoryUsage',
2025-10-07 15:36:00,213 - WARNING -   STDERR: 'scrapy.extensions.logstats.LogStats',
2025-10-07 15:36:00,213 - WARNING -   STDERR: 'scrapy.extensions.throttle.AutoThrottle']
2025-10-07 15:36:00,213 - WARNING -   STDERR: 2025-10-07 15:35:53 [scrapy.crawler] INFO: Overridden settings:
2025-10-07 15:36:00,214 - WARNING -   STDERR: {'AUTOTHROTTLE_ENABLED': True,
2025-10-07 15:36:00,214 - WARNING -   STDERR: 'AUTOTHROTTLE_START_DELAY': 1,
2025-10-07 15:36:00,214 - WARNING -   STDERR: 'BOT_NAME': 'scrapy_project',
2025-10-07 15:36:00,215 - WARNING -   STDERR: 'COOKIES_ENABLED': False,
2025-10-07 15:36:00,215 - WARNING -   STDERR: 'LOG_LEVEL': 'INFO',
2025-10-07 15:36:00,215 - WARNING -   STDERR: 'NEWSPIDER_MODULE': 'scrapy_project.spiders',
2025-10-07 15:36:00,216 - WARNING -   STDERR: 'REQUEST_FINGERPRINTER_IMPLEMENTATION': '2.7',
2025-10-07 15:36:00,216 - WARNING -   STDERR: 'ROBOTSTXT_OBEY': True,
2025-10-07 15:36:00,216 - WARNING -   STDERR: 'SPIDER_MODULES': ['scrapy_project.spiders']}
2025-10-07 15:36:00,217 - WARNING -   STDERR: 2025-10-07 15:35:54 [scrapy_user_agents.user_agent_picker] WARNING: [UnsupportedBrowserType] Family: Android
2025-10-07 15:36:00,217 - WARNING -   STDERR: 2025-10-07 15:35:54 [scrapy_user_agents.user_agent_picker] WARNING: [UnsupportedDeviceType] Family: Other, Brand: None, Model: None
2025-10-07 15:36:00,218 - WARNING -   STDERR: 2025-10-07 15:35:54 [scrapy_user_agents.user_agent_picker] WARNING: [UnsupportedDeviceType] Family: Other, Brand: None, Model: None
2025-10-07 15:36:00,218 - WARNING -   STDERR: 2025-10-07 15:35:54 [scrapy_user_agents.user_agent_picker] WARNING: [UnsupportedDeviceType] Family: Other, Brand: None, Model: None
2025-10-07 15:36:00,219 - WARNING -   STDERR: 2025-10-07 15:35:54 [scrapy_user_agents.user_agent_picker] WARNING: [UnsupportedDeviceType] Family: Sony BDV13, Brand: Sony, Model: BDV13
2025-10-07 15:36:00,219 - WARNING -   STDERR: 2025-10-07 15:35:54 [scrapy_user_agents.user_agent_picker] WARNING: [UnsupportedDeviceType] Family: Nintendo DSi, Brand: Nintendo, Model: DSi
2025-10-07 15:36:00,219 - WARNING -   STDERR: 2025-10-07 15:35:54 [scrapy_user_agents.user_agent_picker] WARNING: [UnsupportedDeviceType] Family: Other, Brand: None, Model: None
2025-10-07 15:36:00,219 - WARNING -   STDERR: 2025-10-07 15:35:54 [scrapy_user_agents.user_agent_picker] WARNING: [UnsupportedBrowserType] Family: Other
2025-10-07 15:36:00,220 - WARNING -   STDERR: 2025-10-07 15:35:54 [scrapy_user_agents.user_agent_picker] WARNING: [UnsupportedDeviceType] Family: LYF F90M, Brand: LYF, Model: F90M
2025-10-07 15:36:00,220 - WARNING -   STDERR: 2025-10-07 15:35:54 [scrapy_user_agents.user_agent_picker] WARNING: [UnsupportedDeviceType] Family: Sony BDV14, Brand: Sony, Model: BDV14
2025-10-07 15:36:00,220 - WARNING -   STDERR: 2025-10-07 15:35:55 [scrapy_user_agents.user_agent_picker] WARNING: [UnsupportedDeviceType] Family: LG Web0S SmartTV, Brand: LG, Model: Web0S SmartTV
2025-10-07 15:36:00,221 - WARNING -   STDERR: 2025-10-07 15:35:55 [scrapy_user_agents.user_agent_picker] WARNING: [UnsupportedDeviceType] Family: Other, Brand: None, Model: None
2025-10-07 15:36:00,221 - WARNING -   STDERR: 2025-10-07 15:35:55 [scrapy_user_agents.user_agent_picker] WARNING: [UnsupportedDeviceType] Family: Other, Brand: None, Model: None
2025-10-07 15:36:00,222 - WARNING -   STDERR: 2025-10-07 15:35:55 [scrapy_user_agents.user_agent_picker] WARNING: [UnsupportedDeviceType] Family: Other, Brand: None, Model: None
2025-10-07 15:36:00,222 - WARNING -   STDERR: 2025-10-07 15:35:55 [scrapy_user_agents.user_agent_picker] WARNING: [UnsupportedDeviceType] Family: Other, Brand: None, Model: None
2025-10-07 15:36:00,222 - WARNING -   STDERR: 2025-10-07 15:35:55 [scrapy_user_agents.user_agent_picker] WARNING: [UnsupportedDeviceType] Family: Other, Brand: None, Model: None
2025-10-07 15:36:00,222 - WARNING -   STDERR: 2025-10-07 15:35:55 [scrapy_user_agents.user_agent_picker] WARNING: [UnsupportedDeviceType] Family: Other, Brand: None, Model: None
2025-10-07 15:36:00,223 - WARNING -   STDERR: 2025-10-07 15:35:55 [scrapy_user_agents.user_agent_picker] WARNING: [UnsupportedDeviceType] Family: Other, Brand: None, Model: None
2025-10-07 15:36:00,223 - WARNING -   STDERR: 2025-10-07 15:35:55 [scrapy_user_agents.user_agent_picker] WARNING: [UnsupportedDeviceType] Family: Sony BDV11, Brand: Sony, Model: BDV11
2025-10-07 15:36:00,223 - WARNING -   STDERR: 2025-10-07 15:35:55 [scrapy_user_agents.user_agent_picker] WARNING: [UnsupportedDeviceType] Family: Other, Brand: None, Model: None
2025-10-07 15:36:00,224 - WARNING -   STDERR: 2025-10-07 15:35:55 [scrapy_user_agents.user_agent_picker] WARNING: [UnsupportedDeviceType] Family: Other, Brand: None, Model: None
2025-10-07 15:36:00,224 - WARNING -   STDERR: 2025-10-07 15:35:55 [scrapy_user_agents.user_agent_picker] WARNING: [UnsupportedDeviceType] Family: Other, Brand: None, Model: None
2025-10-07 15:36:00,225 - WARNING -   STDERR: 2025-10-07 15:35:55 [scrapy_user_agents.user_agent_picker] WARNING: [UnsupportedDeviceType] Family: Other, Brand: None, Model: None
2025-10-07 15:36:00,225 - WARNING -   STDERR: 2025-10-07 15:35:55 [scrapy_user_agents.user_agent_picker] WARNING: [UnsupportedDeviceType] Family: Nintendo DSi, Brand: Nintendo, Model: DSi
2025-10-07 15:36:00,225 - WARNING -   STDERR: 2025-10-07 15:35:55 [scrapy_user_agents.user_agent_picker] WARNING: [UnsupportedDeviceType] Family: LYF LF-2403N, Brand: LYF, Model: LF-2403N
2025-10-07 15:36:00,226 - WARNING -   STDERR: 2025-10-07 15:35:55 [scrapy_user_agents.user_agent_picker] WARNING: [UnsupportedDeviceType] Family: LYF F90M, Brand: LYF, Model: F90M
2025-10-07 15:36:00,226 - WARNING -   STDERR: 2025-10-07 15:35:56 [scrapy_user_agents.user_agent_picker] WARNING: [UnsupportedDeviceType] Family: Other, Brand: None, Model: None
2025-10-07 15:36:00,226 - WARNING -   STDERR: 2025-10-07 15:35:56 [scrapy_user_agents.user_agent_picker] WARNING: [UnsupportedDeviceType] Family: Other, Brand: None, Model: None
2025-10-07 15:36:00,227 - WARNING -   STDERR: 2025-10-07 15:35:56 [scrapy_user_agents.user_agent_picker] WARNING: [UnsupportedBrowserType] Family: Applebot
2025-10-07 15:36:00,227 - WARNING -   STDERR: 2025-10-07 15:35:56 [scrapy_user_agents.user_agent_picker] WARNING: [UnsupportedDeviceType] Family: Other, Brand: None, Model: None
2025-10-07 15:36:00,227 - WARNING -   STDERR: 2025-10-07 15:35:56 [scrapy_user_agents.user_agent_picker] WARNING: [UnsupportedBrowserType] Family: Applebot
2025-10-07 15:36:00,227 - WARNING -   STDERR: 2025-10-07 15:35:56 [scrapy_user_agents.user_agent_picker] WARNING: [UnsupportedBrowserType] Family: Other
2025-10-07 15:36:00,228 - WARNING -   STDERR: 2025-10-07 15:35:56 [scrapy_user_agents.user_agent_picker] WARNING: [UnsupportedBrowserType] Family: Other
2025-10-07 15:36:00,228 - WARNING -   STDERR: 2025-10-07 15:35:56 [scrapy_user_agents.user_agent_picker] WARNING: [UnsupportedBrowserType] Family: PhantomJS
2025-10-07 15:36:00,228 - WARNING -   STDERR: 2025-10-07 15:35:56 [scrapy_user_agents.user_agent_picker] WARNING: [UnsupportedBrowserType] Family: SMTBot
2025-10-07 15:36:00,228 - WARNING -   STDERR: 2025-10-07 15:35:56 [scrapy_user_agents.user_agent_picker] WARNING: [UnsupportedBrowserType] Family: PhantomJS
2025-10-07 15:36:00,229 - WARNING -   STDERR: 2025-10-07 15:35:56 [scrapy_user_agents.user_agent_picker] WARNING: [UnsupportedBrowserType] Family: PhantomJS
2025-10-07 15:36:00,229 - WARNING -   STDERR: 2025-10-07 15:35:56 [scrapy_user_agents.user_agent_picker] WARNING: [UnsupportedBrowserType] Family: WebKit Nightly
2025-10-07 15:36:00,229 - WARNING -   STDERR: 2025-10-07 15:35:57 [scrapy_user_agents.user_agent_picker] WARNING: [UnsupportedBrowserType] Family: PhantomJS
2025-10-07 15:36:00,229 - WARNING -   STDERR: 2025-10-07 15:35:57 [scrapy_user_agents.user_agent_picker] WARNING: [UnsupportedDeviceType] Family: Other, Brand: None, Model: None
2025-10-07 15:36:00,229 - WARNING -   STDERR: 2025-10-07 15:35:57 [scrapy_user_agents.user_agent_picker] WARNING: [UnsupportedBrowserType] Family: PhantomJS
2025-10-07 15:36:00,230 - WARNING -   STDERR: 2025-10-07 15:35:57 [scrapy_user_agents.user_agent_picker] WARNING: [UnsupportedBrowserType] Family: PhantomJS
2025-10-07 15:36:00,230 - WARNING -   STDERR: 2025-10-07 15:35:57 [scrapy_user_agents.user_agent_picker] WARNING: [UnsupportedBrowserType] Family: Robot
2025-10-07 15:36:00,230 - WARNING -   STDERR: 2025-10-07 15:35:57 [scrapy_user_agents.user_agent_picker] WARNING: [UnsupportedDeviceType] Family: Other, Brand: None, Model: None
2025-10-07 15:36:00,230 - WARNING -   STDERR: 2025-10-07 15:35:57 [scrapy_user_agents.user_agent_picker] WARNING: [UnsupportedBrowserType] Family: Zune
2025-10-07 15:36:00,231 - WARNING -   STDERR: 2025-10-07 15:35:57 [scrapy.middleware] INFO: Enabled downloader middlewares:
2025-10-07 15:36:00,231 - WARNING -   STDERR: ['scrapy.downloadermiddlewares.offsite.OffsiteMiddleware',
2025-10-07 15:36:00,231 - WARNING -   STDERR: 'scrapy.downloadermiddlewares.robotstxt.RobotsTxtMiddleware',
2025-10-07 15:36:00,232 - WARNING -   STDERR: 'scrapy.downloadermiddlewares.httpauth.HttpAuthMiddleware',
2025-10-07 15:36:00,232 - WARNING -   STDERR: 'scrapy.downloadermiddlewares.downloadtimeout.DownloadTimeoutMiddleware',
2025-10-07 15:36:00,232 - WARNING -   STDERR: 'scrapy.downloadermiddlewares.defaultheaders.DefaultHeadersMiddleware',
2025-10-07 15:36:00,232 - WARNING -   STDERR: 'scrapy_user_agents.middlewares.RandomUserAgentMiddleware',
2025-10-07 15:36:00,233 - WARNING -   STDERR: 'scrapy.downloadermiddlewares.useragent.UserAgentMiddleware',
2025-10-07 15:36:00,233 - WARNING -   STDERR: 'scrapy.downloadermiddlewares.retry.RetryMiddleware',
2025-10-07 15:36:00,233 - WARNING -   STDERR: 'scrapy.downloadermiddlewares.redirect.MetaRefreshMiddleware',
2025-10-07 15:36:00,233 - WARNING -   STDERR: 'scrapy.downloadermiddlewares.httpcompression.HttpCompressionMiddleware',
2025-10-07 15:36:00,234 - WARNING -   STDERR: 'scrapy.downloadermiddlewares.redirect.RedirectMiddleware',
2025-10-07 15:36:00,234 - WARNING -   STDERR: 'scrapy.downloadermiddlewares.httpproxy.HttpProxyMiddleware',
2025-10-07 15:36:00,234 - WARNING -   STDERR: 'scrapy.downloadermiddlewares.stats.DownloaderStats']
2025-10-07 15:36:00,234 - WARNING -   STDERR: 2025-10-07 15:35:57 [scrapy.middleware] INFO: Enabled spider middlewares:
2025-10-07 15:36:00,235 - WARNING -   STDERR: ['scrapy.spidermiddlewares.start.StartSpiderMiddleware',
2025-10-07 15:36:00,235 - WARNING -   STDERR: 'scrapy.spidermiddlewares.httperror.HttpErrorMiddleware',
2025-10-07 15:36:00,235 - WARNING -   STDERR: 'scrapy.spidermiddlewares.referer.RefererMiddleware',
2025-10-07 15:36:00,235 - WARNING -   STDERR: 'scrapy.spidermiddlewares.urllength.UrlLengthMiddleware',
2025-10-07 15:36:00,236 - WARNING -   STDERR: 'scrapy.spidermiddlewares.depth.DepthMiddleware']
2025-10-07 15:36:00,236 - WARNING -   STDERR: 2025-10-07 15:35:57 [scrapy.middleware] INFO: Enabled item pipelines:
2025-10-07 15:36:00,236 - WARNING -   STDERR: ['scrapy_project.pipelines.SupabasePipeline']
2025-10-07 15:36:00,236 - WARNING -   STDERR: 2025-10-07 15:35:57 [scrapy.core.engine] INFO: Spider opened
2025-10-07 15:36:00,236 - WARNING -   STDERR: 2025-10-07 15:35:57 [fleamarket] INFO: Pipeline opened for spider: fleamarket
2025-10-07 15:36:00,237 - WARNING -   STDERR: 2025-10-07 15:35:57 [fleamarket] INFO: Connected to Supabase: https://oprevwbturtujbugynct.supabase.co
2025-10-07 15:36:00,237 - WARNING -   STDERR: 2025-10-07 15:35:57 [scrapy.extensions.logstats] INFO: Crawled 0 pages (at 0 pages/min), scraped 0 items (at 0 items/min)
2025-10-07 15:36:00,237 - WARNING -   STDERR: 2025-10-07 15:35:57 [scrapy.extensions.telnet] INFO: Telnet console listening on 127.0.0.1:6023
2025-10-07 15:36:00,237 - WARNING -   STDERR: 2025-10-07 15:35:58 [fleamarket] INFO: Parsing market listing page: https://markedskalenderen.dk/marked/kategori/loppemarked
2025-10-07 15:36:00,238 - WARNING -   STDERR: 2025-10-07 15:35:58 [fleamarket] INFO: Found 101 table rows to process
2025-10-07 15:36:00,238 - WARNING -   STDERR: 2025-10-07 15:35:58 [fleamarket] INFO: [1/10] Visiting detail page: Den Blaa hal på Majgaarden
2025-10-07 15:36:00,238 - WARNING -   STDERR: 2025-10-07 15:35:58 [fleamarket] INFO: [2/10] Visiting detail page: Den Blaa hal på Majgaarden
2025-10-07 15:36:00,238 - WARNING -   STDERR: 2025-10-07 15:35:58 [fleamarket] INFO: [3/10] Visiting detail page: Den Blaa hal på Majgaarden
2025-10-07 15:36:00,239 - WARNING -   STDERR: 2025-10-07 15:35:58 [fleamarket] INFO: [4/10] Visiting detail page: Den Blaa hal på Majgaarden
2025-10-07 15:36:00,239 - WARNING -   STDERR: 2025-10-07 15:35:58 [fleamarket] INFO: [5/10] Visiting detail page: Den Blaa hal på Majgaarden
2025-10-07 15:36:00,239 - WARNING -   STDERR: 2025-10-07 15:35:58 [fleamarket] INFO: [6/10] Visiting detail page: Den Blaa hal på Majgaarden
2025-10-07 15:36:00,239 - WARNING -   STDERR: 2025-10-07 15:35:58 [fleamarket] INFO: [7/10] Visiting detail page: Den Blaa hal på Majgaarden
2025-10-07 15:36:00,240 - WARNING -   STDERR: 2025-10-07 15:35:58 [fleamarket] INFO: [8/10] Visiting detail page: Den Blaa hal på Majgaarden
2025-10-07 15:36:00,240 - WARNING -   STDERR: 2025-10-07 15:35:58 [fleamarket] INFO: [9/10] Visiting detail page: Loppemarked i Bella
2025-10-07 15:36:00,240 - WARNING -   STDERR: 2025-10-07 15:35:58 [fleamarket] INFO: [10/10] Visiting detail page: Den Blaa hal på Majgaarden
2025-10-07 15:36:00,241 - WARNING -   STDERR: 2025-10-07 15:35:58 [fleamarket] INFO: Following pagination link: https://markedskalenderen.dk/marked/kategori/loppemarked?page=2
2025-10-07 15:36:00,241 - WARNING -   STDERR: 2025-10-07 15:35:59 [fleamarket] INFO: ✓ Yielding completed item #1: Den Blaa hal på Majgaarden
2025-10-07 15:36:00,241 - WARNING -   STDERR: 2025-10-07 15:35:59 [httpx] INFO: HTTP Request: GET https://oprevwbturtujbugynct.supabase.co/rest/v1/markets?select=loppemarkeder_nu&external_id=eq.Den_Blaa_hal_p%C3%A5_Majgaarden_2025-10-11_2025-10-11 "HTTP/2 406 Not Acceptable"
2025-10-07 15:36:00,241 - WARNING -   STDERR: 2025-10-07 15:35:59 [httpx] INFO: HTTP Request: POST https://oprevwbturtujbugynct.supabase.co/rest/v1/markets?on_conflict=external_id "HTTP/2 201 Created"
2025-10-07 15:36:00,242 - WARNING -   STDERR: 2025-10-07 15:35:59 [fleamarket] INFO: ✓ [1/1] Successfully upserted: Den Blaa hal på Majgaarden
2025-10-07 15:36:00,242 - WARNING -   STDERR: 2025-10-07 15:35:59 [fleamarket] INFO: ✓ Yielding completed item #2: Loppemarked i Bella
2025-10-07 15:36:00,242 - WARNING -   STDERR: 2025-10-07 15:35:59 [httpx] INFO: HTTP Request: GET https://oprevwbturtujbugynct.supabase.co/rest/v1/markets?select=loppemarkeder_nu&external_id=eq.Loppemarked_i_Bella_2025-11-29_2025-11-29 "HTTP/2 406 Not Acceptable"
2025-10-07 15:36:00,242 - WARNING -   STDERR: 2025-10-07 15:35:59 [httpx] INFO: HTTP Request: POST https://oprevwbturtujbugynct.supabase.co/rest/v1/markets?on_conflict=external_id "HTTP/2 201 Created"
2025-10-07 15:36:00,243 - WARNING -   STDERR: 2025-10-07 15:35:59 [fleamarket] INFO: ✓ [2/2] Successfully upserted: Loppemarked i Bella
2025-10-07 15:36:00,243 - WARNING -   STDERR: 2025-10-07 15:35:59 [fleamarket] INFO: Parsing market listing page: https://markedskalenderen.dk/marked/kategori/loppemarked?page=2
2025-10-07 15:36:00,243 - WARNING -   STDERR: 2025-10-07 15:35:59 [fleamarket] INFO: Found 9 table rows to process
2025-10-07 15:36:00,244 - WARNING -   STDERR: 2025-10-07 15:35:59 [fleamarket] INFO: No more pagination pages found
2025-10-07 15:36:00,244 - WARNING -   STDERR: 2025-10-07 15:35:59 [scrapy.core.engine] INFO: Closing spider (finished)
2025-10-07 15:36:00,244 - WARNING -   STDERR: 2025-10-07 15:35:59 [fleamarket] INFO: ============================================================
2025-10-07 15:36:00,244 - WARNING -   STDERR: 2025-10-07 15:35:59 [fleamarket] INFO: Pipeline Statistics:
2025-10-07 15:36:00,244 - WARNING -   STDERR: 2025-10-07 15:35:59 [fleamarket] INFO:   Total items processed: 2
2025-10-07 15:36:00,245 - WARNING -   STDERR: 2025-10-07 15:35:59 [fleamarket] INFO:   Successfully saved: 2
2025-10-07 15:36:00,245 - WARNING -   STDERR: 2025-10-07 15:35:59 [fleamarket] INFO:   Failed: 0
2025-10-07 15:36:00,245 - WARNING -   STDERR: 2025-10-07 15:35:59 [fleamarket] INFO:   Success rate: 100.0%
2025-10-07 15:36:00,245 - WARNING -   STDERR: 2025-10-07 15:35:59 [fleamarket] INFO: ============================================================
2025-10-07 15:36:00,246 - WARNING -   STDERR: 2025-10-07 15:35:59 [scrapy.statscollectors] INFO: Dumping Scrapy stats:
2025-10-07 15:36:00,246 - WARNING -   STDERR: {'downloader/request_bytes': 1824,
2025-10-07 15:36:00,246 - WARNING -   STDERR: 'downloader/request_count': 5,
2025-10-07 15:36:00,246 - WARNING -   STDERR: 'downloader/request_method_count/GET': 5,
2025-10-07 15:36:00,246 - WARNING -   STDERR: 'downloader/response_bytes': 26926,
2025-10-07 15:36:00,247 - WARNING -   STDERR: 'downloader/response_count': 5,
2025-10-07 15:36:00,247 - WARNING -   STDERR: 'downloader/response_status_count/200': 5,
2025-10-07 15:36:00,247 - WARNING -   STDERR: 'dupefilter/filtered': 8,
2025-10-07 15:36:00,247 - WARNING -   STDERR: 'elapsed_time_seconds': 2.073728,
2025-10-07 15:36:00,248 - WARNING -   STDERR: 'finish_reason': 'finished',
2025-10-07 15:36:00,248 - WARNING -   STDERR: 'finish_time': datetime.datetime(2025, 10, 7, 15, 35, 59, 904201, tzinfo=datetime.timezone.utc),
2025-10-07 15:36:00,248 - WARNING -   STDERR: 'httpcompression/response_bytes': 147806,
2025-10-07 15:36:00,249 - WARNING -   STDERR: 'httpcompression/response_count': 4,
2025-10-07 15:36:00,249 - WARNING -   STDERR: 'item_scraped_count': 2,
2025-10-07 15:36:00,249 - WARNING -   STDERR: 'items_per_minute': 60.0,
2025-10-07 15:36:00,249 - WARNING -   STDERR: 'log_count/INFO': 43,
2025-10-07 15:36:00,250 - WARNING -   STDERR: 'log_count/WARNING': 46,
2025-10-07 15:36:00,250 - WARNING -   STDERR: 'memusage/max': 100556800,
2025-10-07 15:36:00,250 - WARNING -   STDERR: 'memusage/startup': 100556800,
2025-10-07 15:36:00,250 - WARNING -   STDERR: 'request_depth_max': 1,
2025-10-07 15:36:00,251 - WARNING -   STDERR: 'response_received_count': 5,
2025-10-07 15:36:00,251 - WARNING -   STDERR: 'responses_per_minute': 150.0,
2025-10-07 15:36:00,251 - WARNING -   STDERR: 'robotstxt/request_count': 1,
2025-10-07 15:36:00,251 - WARNING -   STDERR: 'robotstxt/response_count': 1,
2025-10-07 15:36:00,251 - WARNING -   STDERR: 'robotstxt/response_status_count/200': 1,
2025-10-07 15:36:00,252 - WARNING -   STDERR: 'scheduler/dequeued': 4,
2025-10-07 15:36:00,252 - WARNING -   STDERR: 'scheduler/dequeued/memory': 4,
2025-10-07 15:36:00,252 - WARNING -   STDERR: 'scheduler/enqueued': 4,
2025-10-07 15:36:00,253 - WARNING -   STDERR: 'scheduler/enqueued/memory': 4,
2025-10-07 15:36:00,253 - WARNING -   STDERR: 'start_time': datetime.datetime(2025, 10, 7, 15, 35, 57, 830473, tzinfo=datetime.timezone.utc)}
2025-10-07 15:36:00,253 - WARNING -   STDERR: 2025-10-07 15:35:59 [scrapy.core.engine] INFO: Spider closed (finished)
2025-10-07 15:36:00,253 - INFO - 
2025-10-07 15:36:00,254 - INFO - Spider 'fleamarket' finished in 7.39 seconds
2025-10-07 15:36:00,254 - INFO - ✓ Spider 'fleamarket' completed successfully
2025-10-07 15:36:00,254 - INFO -   Items scraped: 0
2025-10-07 15:36:00,254 - INFO - 
2025-10-07 15:36:00,255 - INFO - --------------------------------------------------------------------------------
2025-10-07 15:36:00,255 - INFO - [2/2] Starting spider: 'loppemarkeder'
2025-10-07 15:36:00,255 - INFO - Spider start time: 15:36:00
2025-10-07 15:36:00,255 - INFO - --------------------------------------------------------------------------------
2025-10-07 15:37:20,305 - WARNING -   STDERR: 2025-10-07 15:36:01 [scrapy.utils.log] INFO: Scrapy 2.13.3 started (bot: scrapy_project)
2025-10-07 15:37:20,305 - WARNING -   STDERR: 2025-10-07 15:36:01 [scrapy.utils.log] INFO: Versions:
2025-10-07 15:37:20,306 - WARNING -   STDERR: {'lxml': '6.0.2',
2025-10-07 15:37:20,306 - WARNING -   STDERR: 'libxml2': '2.14.6',
2025-10-07 15:37:20,307 - WARNING -   STDERR: 'cssselect': '1.3.0',
2025-10-07 15:37:20,307 - WARNING -   STDERR: 'parsel': '1.10.0',
2025-10-07 15:37:20,308 - WARNING -   STDERR: 'w3lib': '2.3.1',
2025-10-07 15:37:20,308 - WARNING -   STDERR: 'Twisted': '25.5.0',
2025-10-07 15:37:20,308 - WARNING -   STDERR: 'Python': '3.11.13 (main, Sep 30 2025, 00:38:45) [GCC 14.2.0]',
2025-10-07 15:37:20,309 - WARNING -   STDERR: 'pyOpenSSL': '25.3.0 (OpenSSL 3.5.4 30 Sep 2025)',
2025-10-07 15:37:20,309 - WARNING -   STDERR: 'cryptography': '46.0.2',
2025-10-07 15:37:20,309 - WARNING -   STDERR: 'Platform': 'Linux-6.10.14-linuxkit-x86_64-with-glibc2.41'}
2025-10-07 15:37:20,310 - WARNING -   STDERR: 2025-10-07 15:36:01 [scrapy.addons] INFO: Enabled addons:
2025-10-07 15:37:20,310 - WARNING -   STDERR: []
2025-10-07 15:37:20,310 - WARNING -   STDERR: 2025-10-07 15:36:01 [py.warnings] WARNING: /usr/local/lib/python3.11/site-packages/scrapy/utils/request.py:120: ScrapyDeprecationWarning: 'REQUEST_FINGERPRINTER_IMPLEMENTATION' is a deprecated setting.
2025-10-07 15:37:20,311 - WARNING -   STDERR: It will be removed in a future version of Scrapy.
2025-10-07 15:37:20,311 - WARNING -   STDERR: return cls(crawler)
2025-10-07 15:37:20,312 - WARNING -   STDERR: 2025-10-07 15:36:01 [scrapy.extensions.telnet] INFO: Telnet Password: 7bd9d02e7956b67d
2025-10-07 15:37:20,312 - WARNING -   STDERR: 2025-10-07 15:36:01 [scrapy.middleware] INFO: Enabled extensions:
2025-10-07 15:37:20,313 - WARNING -   STDERR: ['scrapy.extensions.corestats.CoreStats',
2025-10-07 15:37:20,313 - WARNING -   STDERR: 'scrapy.extensions.telnet.TelnetConsole',
2025-10-07 15:37:20,313 - WARNING -   STDERR: 'scrapy.extensions.memusage.MemoryUsage',
2025-10-07 15:37:20,314 - WARNING -   STDERR: 'scrapy.extensions.logstats.LogStats',
2025-10-07 15:37:20,314 - WARNING -   STDERR: 'scrapy.extensions.throttle.AutoThrottle']
2025-10-07 15:37:20,315 - WARNING -   STDERR: 2025-10-07 15:36:01 [scrapy.crawler] INFO: Overridden settings:
2025-10-07 15:37:20,315 - WARNING -   STDERR: {'AUTOTHROTTLE_ENABLED': True,
2025-10-07 15:37:20,315 - WARNING -   STDERR: 'AUTOTHROTTLE_START_DELAY': 1,
2025-10-07 15:37:20,316 - WARNING -   STDERR: 'BOT_NAME': 'scrapy_project',
2025-10-07 15:37:20,316 - WARNING -   STDERR: 'COOKIES_ENABLED': False,
2025-10-07 15:37:20,317 - WARNING -   STDERR: 'LOG_LEVEL': 'INFO',
2025-10-07 15:37:20,317 - WARNING -   STDERR: 'NEWSPIDER_MODULE': 'scrapy_project.spiders',
2025-10-07 15:37:20,318 - WARNING -   STDERR: 'REQUEST_FINGERPRINTER_IMPLEMENTATION': '2.7',
2025-10-07 15:37:20,318 - WARNING -   STDERR: 'ROBOTSTXT_OBEY': True,
2025-10-07 15:37:20,319 - WARNING -   STDERR: 'SPIDER_MODULES': ['scrapy_project.spiders']}
2025-10-07 15:37:20,319 - WARNING -   STDERR: 2025-10-07 15:36:01 [scrapy_user_agents.user_agent_picker] WARNING: [UnsupportedBrowserType] Family: Android
2025-10-07 15:37:20,320 - WARNING -   STDERR: 2025-10-07 15:36:01 [scrapy_user_agents.user_agent_picker] WARNING: [UnsupportedDeviceType] Family: Other, Brand: None, Model: None
2025-10-07 15:37:20,320 - WARNING -   STDERR: 2025-10-07 15:36:01 [scrapy_user_agents.user_agent_picker] WARNING: [UnsupportedDeviceType] Family: Other, Brand: None, Model: None
2025-10-07 15:37:20,321 - WARNING -   STDERR: 2025-10-07 15:36:01 [scrapy_user_agents.user_agent_picker] WARNING: [UnsupportedDeviceType] Family: Other, Brand: None, Model: None
2025-10-07 15:37:20,323 - WARNING -   STDERR: 2025-10-07 15:36:02 [scrapy_user_agents.user_agent_picker] WARNING: [UnsupportedDeviceType] Family: Sony BDV13, Brand: Sony, Model: BDV13
2025-10-07 15:37:20,324 - WARNING -   STDERR: 2025-10-07 15:36:02 [scrapy_user_agents.user_agent_picker] WARNING: [UnsupportedDeviceType] Family: Nintendo DSi, Brand: Nintendo, Model: DSi
2025-10-07 15:37:20,324 - WARNING -   STDERR: 2025-10-07 15:36:02 [scrapy_user_agents.user_agent_picker] WARNING: [UnsupportedDeviceType] Family: Other, Brand: None, Model: None
2025-10-07 15:37:20,324 - WARNING -   STDERR: 2025-10-07 15:36:02 [scrapy_user_agents.user_agent_picker] WARNING: [UnsupportedBrowserType] Family: Other
2025-10-07 15:37:20,325 - WARNING -   STDERR: 2025-10-07 15:36:02 [scrapy_user_agents.user_agent_picker] WARNING: [UnsupportedDeviceType] Family: LYF F90M, Brand: LYF, Model: F90M
2025-10-07 15:37:20,325 - WARNING -   STDERR: 2025-10-07 15:36:02 [scrapy_user_agents.user_agent_picker] WARNING: [UnsupportedDeviceType] Family: Sony BDV14, Brand: Sony, Model: BDV14
2025-10-07 15:37:20,325 - WARNING -   STDERR: 2025-10-07 15:36:02 [scrapy_user_agents.user_agent_picker] WARNING: [UnsupportedDeviceType] Family: LG Web0S SmartTV, Brand: LG, Model: Web0S SmartTV
2025-10-07 15:37:20,326 - WARNING -   STDERR: 2025-10-07 15:36:02 [scrapy_user_agents.user_agent_picker] WARNING: [UnsupportedDeviceType] Family: Other, Brand: None, Model: None
2025-10-07 15:37:20,326 - WARNING -   STDERR: 2025-10-07 15:36:02 [scrapy_user_agents.user_agent_picker] WARNING: [UnsupportedDeviceType] Family: Other, Brand: None, Model: None
2025-10-07 15:37:20,326 - WARNING -   STDERR: 2025-10-07 15:36:02 [scrapy_user_agents.user_agent_picker] WARNING: [UnsupportedDeviceType] Family: Other, Brand: None, Model: None
2025-10-07 15:37:20,327 - WARNING -   STDERR: 2025-10-07 15:36:02 [scrapy_user_agents.user_agent_picker] WARNING: [UnsupportedDeviceType] Family: Other, Brand: None, Model: None
2025-10-07 15:37:20,327 - WARNING -   STDERR: 2025-10-07 15:36:02 [scrapy_user_agents.user_agent_picker] WARNING: [UnsupportedDeviceType] Family: Other, Brand: None, Model: None
2025-10-07 15:37:20,328 - WARNING -   STDERR: 2025-10-07 15:36:02 [scrapy_user_agents.user_agent_picker] WARNING: [UnsupportedDeviceType] Family: Other, Brand: None, Model: None
2025-10-07 15:37:20,328 - WARNING -   STDERR: 2025-10-07 15:36:02 [scrapy_user_agents.user_agent_picker] WARNING: [UnsupportedDeviceType] Family: Other, Brand: None, Model: None
2025-10-07 15:37:20,328 - WARNING -   STDERR: 2025-10-07 15:36:02 [scrapy_user_agents.user_agent_picker] WARNING: [UnsupportedDeviceType] Family: Sony BDV11, Brand: Sony, Model: BDV11
2025-10-07 15:37:20,329 - WARNING -   STDERR: 2025-10-07 15:36:02 [scrapy_user_agents.user_agent_picker] WARNING: [UnsupportedDeviceType] Family: Other, Brand: None, Model: None
2025-10-07 15:37:20,329 - WARNING -   STDERR: 2025-10-07 15:36:02 [scrapy_user_agents.user_agent_picker] WARNING: [UnsupportedDeviceType] Family: Other, Brand: None, Model: None
2025-10-07 15:37:20,329 - WARNING -   STDERR: 2025-10-07 15:36:03 [scrapy_user_agents.user_agent_picker] WARNING: [UnsupportedDeviceType] Family: Other, Brand: None, Model: None
2025-10-07 15:37:20,330 - WARNING -   STDERR: 2025-10-07 15:36:03 [scrapy_user_agents.user_agent_picker] WARNING: [UnsupportedDeviceType] Family: Other, Brand: None, Model: None
2025-10-07 15:37:20,330 - WARNING -   STDERR: 2025-10-07 15:36:03 [scrapy_user_agents.user_agent_picker] WARNING: [UnsupportedDeviceType] Family: Nintendo DSi, Brand: Nintendo, Model: DSi
2025-10-07 15:37:20,330 - WARNING -   STDERR: 2025-10-07 15:36:03 [scrapy_user_agents.user_agent_picker] WARNING: [UnsupportedDeviceType] Family: LYF LF-2403N, Brand: LYF, Model: LF-2403N
2025-10-07 15:37:20,331 - WARNING -   STDERR: 2025-10-07 15:36:03 [scrapy_user_agents.user_agent_picker] WARNING: [UnsupportedDeviceType] Family: LYF F90M, Brand: LYF, Model: F90M
2025-10-07 15:37:20,331 - WARNING -   STDERR: 2025-10-07 15:36:03 [scrapy_user_agents.user_agent_picker] WARNING: [UnsupportedDeviceType] Family: Other, Brand: None, Model: None
2025-10-07 15:37:20,331 - WARNING -   STDERR: 2025-10-07 15:36:03 [scrapy_user_agents.user_agent_picker] WARNING: [UnsupportedDeviceType] Family: Other, Brand: None, Model: None
2025-10-07 15:37:20,332 - WARNING -   STDERR: 2025-10-07 15:36:04 [scrapy_user_agents.user_agent_picker] WARNING: [UnsupportedBrowserType] Family: Applebot
2025-10-07 15:37:20,332 - WARNING -   STDERR: 2025-10-07 15:36:04 [scrapy_user_agents.user_agent_picker] WARNING: [UnsupportedDeviceType] Family: Other, Brand: None, Model: None
2025-10-07 15:37:20,332 - WARNING -   STDERR: 2025-10-07 15:36:04 [scrapy_user_agents.user_agent_picker] WARNING: [UnsupportedBrowserType] Family: Applebot
2025-10-07 15:37:20,333 - WARNING -   STDERR: 2025-10-07 15:36:04 [scrapy_user_agents.user_agent_picker] WARNING: [UnsupportedBrowserType] Family: Other
2025-10-07 15:37:20,333 - WARNING -   STDERR: 2025-10-07 15:36:04 [scrapy_user_agents.user_agent_picker] WARNING: [UnsupportedBrowserType] Family: Other
2025-10-07 15:37:20,333 - WARNING -   STDERR: 2025-10-07 15:36:04 [scrapy_user_agents.user_agent_picker] WARNING: [UnsupportedBrowserType] Family: PhantomJS
2025-10-07 15:37:20,334 - WARNING -   STDERR: 2025-10-07 15:36:04 [scrapy_user_agents.user_agent_picker] WARNING: [UnsupportedBrowserType] Family: SMTBot
2025-10-07 15:37:20,334 - WARNING -   STDERR: 2025-10-07 15:36:04 [scrapy_user_agents.user_agent_picker] WARNING: [UnsupportedBrowserType] Family: PhantomJS
2025-10-07 15:37:20,334 - WARNING -   STDERR: 2025-10-07 15:36:04 [scrapy_user_agents.user_agent_picker] WARNING: [UnsupportedBrowserType] Family: PhantomJS
2025-10-07 15:37:20,334 - WARNING -   STDERR: 2025-10-07 15:36:04 [scrapy_user_agents.user_agent_picker] WARNING: [UnsupportedBrowserType] Family: WebKit Nightly
2025-10-07 15:37:20,335 - WARNING -   STDERR: 2025-10-07 15:36:04 [scrapy_user_agents.user_agent_picker] WARNING: [UnsupportedBrowserType] Family: PhantomJS
2025-10-07 15:37:20,336 - WARNING -   STDERR: 2025-10-07 15:36:04 [scrapy_user_agents.user_agent_picker] WARNING: [UnsupportedDeviceType] Family: Other, Brand: None, Model: None
2025-10-07 15:37:20,336 - WARNING -   STDERR: 2025-10-07 15:36:05 [scrapy_user_agents.user_agent_picker] WARNING: [UnsupportedBrowserType] Family: PhantomJS
2025-10-07 15:37:20,337 - WARNING -   STDERR: 2025-10-07 15:36:05 [scrapy_user_agents.user_agent_picker] WARNING: [UnsupportedBrowserType] Family: PhantomJS
2025-10-07 15:37:20,338 - WARNING -   STDERR: 2025-10-07 15:36:05 [scrapy_user_agents.user_agent_picker] WARNING: [UnsupportedBrowserType] Family: Robot
2025-10-07 15:37:20,338 - WARNING -   STDERR: 2025-10-07 15:36:05 [scrapy_user_agents.user_agent_picker] WARNING: [UnsupportedDeviceType] Family: Other, Brand: None, Model: None
2025-10-07 15:37:20,339 - WARNING -   STDERR: 2025-10-07 15:36:05 [scrapy_user_agents.user_agent_picker] WARNING: [UnsupportedBrowserType] Family: Zune
2025-10-07 15:37:20,339 - WARNING -   STDERR: 2025-10-07 15:36:05 [scrapy.middleware] INFO: Enabled downloader middlewares:
2025-10-07 15:37:20,339 - WARNING -   STDERR: ['scrapy.downloadermiddlewares.offsite.OffsiteMiddleware',
2025-10-07 15:37:20,340 - WARNING -   STDERR: 'scrapy.downloadermiddlewares.robotstxt.RobotsTxtMiddleware',
2025-10-07 15:37:20,340 - WARNING -   STDERR: 'scrapy.downloadermiddlewares.httpauth.HttpAuthMiddleware',
2025-10-07 15:37:20,341 - WARNING -   STDERR: 'scrapy.downloadermiddlewares.downloadtimeout.DownloadTimeoutMiddleware',
2025-10-07 15:37:20,341 - WARNING -   STDERR: 'scrapy.downloadermiddlewares.defaultheaders.DefaultHeadersMiddleware',
2025-10-07 15:37:20,341 - WARNING -   STDERR: 'scrapy_user_agents.middlewares.RandomUserAgentMiddleware',
2025-10-07 15:37:20,341 - WARNING -   STDERR: 'scrapy.downloadermiddlewares.useragent.UserAgentMiddleware',
2025-10-07 15:37:20,342 - WARNING -   STDERR: 'scrapy.downloadermiddlewares.retry.RetryMiddleware',
2025-10-07 15:37:20,342 - WARNING -   STDERR: 'scrapy.downloadermiddlewares.redirect.MetaRefreshMiddleware',
2025-10-07 15:37:20,342 - WARNING -   STDERR: 'scrapy.downloadermiddlewares.httpcompression.HttpCompressionMiddleware',
2025-10-07 15:37:20,343 - WARNING -   STDERR: 'scrapy.downloadermiddlewares.redirect.RedirectMiddleware',
2025-10-07 15:37:20,343 - WARNING -   STDERR: 'scrapy.downloadermiddlewares.httpproxy.HttpProxyMiddleware',
2025-10-07 15:37:20,344 - WARNING -   STDERR: 'scrapy.downloadermiddlewares.stats.DownloaderStats']
2025-10-07 15:37:20,344 - WARNING -   STDERR: 2025-10-07 15:36:05 [scrapy.middleware] INFO: Enabled spider middlewares:
2025-10-07 15:37:20,344 - WARNING -   STDERR: ['scrapy.spidermiddlewares.start.StartSpiderMiddleware',
2025-10-07 15:37:20,345 - WARNING -   STDERR: 'scrapy.spidermiddlewares.httperror.HttpErrorMiddleware',
2025-10-07 15:37:20,345 - WARNING -   STDERR: 'scrapy.spidermiddlewares.referer.RefererMiddleware',
2025-10-07 15:37:20,345 - WARNING -   STDERR: 'scrapy.spidermiddlewares.urllength.UrlLengthMiddleware',
2025-10-07 15:37:20,346 - WARNING -   STDERR: 'scrapy.spidermiddlewares.depth.DepthMiddleware']
2025-10-07 15:37:20,346 - WARNING -   STDERR: 2025-10-07 15:36:05 [scrapy.middleware] INFO: Enabled item pipelines:
2025-10-07 15:37:20,346 - WARNING -   STDERR: ['scrapy_project.pipelines.SupabasePipeline']
2025-10-07 15:37:20,347 - WARNING -   STDERR: 2025-10-07 15:36:05 [scrapy.core.engine] INFO: Spider opened
2025-10-07 15:37:20,347 - WARNING -   STDERR: 2025-10-07 15:36:05 [loppemarkeder] INFO: Pipeline opened for spider: loppemarkeder
2025-10-07 15:37:20,347 - WARNING -   STDERR: 2025-10-07 15:36:05 [loppemarkeder] INFO: Connected to Supabase: https://oprevwbturtujbugynct.supabase.co
2025-10-07 15:37:20,347 - WARNING -   STDERR: 2025-10-07 15:36:05 [scrapy.extensions.logstats] INFO: Crawled 0 pages (at 0 pages/min), scraped 0 items (at 0 items/min)
2025-10-07 15:37:20,348 - WARNING -   STDERR: 2025-10-07 15:36:05 [scrapy.extensions.telnet] INFO: Telnet console listening on 127.0.0.1:6023
2025-10-07 15:37:20,348 - WARNING -   STDERR: 2025-10-07 15:36:07 [loppemarkeder] INFO: Parsing response from: https://loppemarkeder.nu/wp-json/tribe/events/v1/events?per_page=100
2025-10-07 15:37:20,349 - WARNING -   STDERR: 2025-10-07 15:36:07 [loppemarkeder] INFO: Found 100 events in response
2025-10-07 15:37:20,349 - WARNING -   STDERR: 2025-10-07 15:36:08 [loppemarkeder] INFO: Parsed address for 'Loppemarked &#8211; Onsdagsmarked &#8211; Vig': {'full_address': 'Vig Stationsvej 9', 'postal_code': None, 'city': 'vig', 'latitude': 55.85433, 'longitude': 11.582139}
2025-10-07 15:37:20,349 - WARNING -   STDERR: 2025-10-07 15:36:08 [loppemarkeder] INFO: ✓ Using parsed coordinates: (55.85433, 11.582139)
2025-10-07 15:37:20,349 - WARNING -   STDERR: 2025-10-07 15:36:08 [loppemarkeder] INFO: Parsed address for 'Nakskov Loppemarked': {'full_address': 'Østergade 18', 'postal_code': '4900', 'city': 'Nakskov', 'latitude': 54.831326, 'longitude': 11.14139}
2025-10-07 15:37:20,350 - WARNING -   STDERR: 2025-10-07 15:36:08 [loppemarkeder] INFO: ✓ Using parsed coordinates: (54.831326, 11.14139)
2025-10-07 15:37:20,350 - WARNING -   STDERR: 2025-10-07 15:36:08 [httpx] INFO: HTTP Request: GET https://oprevwbturtujbugynct.supabase.co/rest/v1/markets?select=loppemarkeder_nu&external_id=eq.10000661 "HTTP/2 406 Not Acceptable"
2025-10-07 15:37:20,350 - WARNING -   STDERR: 2025-10-07 15:36:08 [httpx] INFO: HTTP Request: POST https://oprevwbturtujbugynct.supabase.co/rest/v1/markets?on_conflict=external_id "HTTP/2 201 Created"
2025-10-07 15:37:20,351 - WARNING -   STDERR: 2025-10-07 15:36:08 [loppemarkeder] INFO: ✓ [1/1] Successfully upserted: Loppemarked &#8211; Onsdagsmarked &#8211; Vig
2025-10-07 15:37:20,351 - WARNING -   STDERR: 2025-10-07 15:36:09 [loppemarkeder] INFO: Parsed address for 'Loppemarked &#8211; Axeltorv ved Tivoli': {'full_address': 'Axeltorv ved Tivoli', 'postal_code': None, 'city': 'Axeltorv ved Tivoli', 'latitude': 55.67616425, 'longitude': 12.564077596986316}
2025-10-07 15:37:20,351 - WARNING -   STDERR: 2025-10-07 15:36:09 [loppemarkeder] INFO: ✓ Using parsed coordinates: (55.67616425, 12.564077596986316)
2025-10-07 15:37:20,351 - WARNING -   STDERR: 2025-10-07 15:36:09 [httpx] INFO: HTTP Request: GET https://oprevwbturtujbugynct.supabase.co/rest/v1/markets?select=loppemarkeder_nu&external_id=eq.10001763 "HTTP/2 406 Not Acceptable"
2025-10-07 15:37:20,352 - WARNING -   STDERR: 2025-10-07 15:36:09 [httpx] INFO: HTTP Request: POST https://oprevwbturtujbugynct.supabase.co/rest/v1/markets?on_conflict=external_id "HTTP/2 201 Created"
2025-10-07 15:37:20,352 - WARNING -   STDERR: 2025-10-07 15:36:09 [loppemarkeder] INFO: ✓ [2/2] Successfully upserted: Nakskov Loppemarked
2025-10-07 15:37:20,352 - WARNING -   STDERR: 2025-10-07 15:36:09 [loppemarkeder] INFO: Parsed address for 'Loppemarked &#8211; Lørdagsmarked &#8211; Vig': {'full_address': 'Vig Stationsvej 9', 'postal_code': None, 'city': 'vig', 'latitude': 55.85433, 'longitude': 11.582139}
2025-10-07 15:37:20,353 - WARNING -   STDERR: 2025-10-07 15:36:09 [loppemarkeder] INFO: ✓ Using parsed coordinates: (55.85433, 11.582139)
2025-10-07 15:37:20,353 - WARNING -   STDERR: 2025-10-07 15:36:09 [httpx] INFO: HTTP Request: GET https://oprevwbturtujbugynct.supabase.co/rest/v1/markets?select=loppemarkeder_nu&external_id=eq.10003626 "HTTP/2 406 Not Acceptable"
2025-10-07 15:37:20,353 - WARNING -   STDERR: 2025-10-07 15:36:09 [httpx] INFO: HTTP Request: POST https://oprevwbturtujbugynct.supabase.co/rest/v1/markets?on_conflict=external_id "HTTP/2 201 Created"
2025-10-07 15:37:20,353 - WARNING -   STDERR: 2025-10-07 15:36:09 [loppemarkeder] INFO: ✓ [3/3] Successfully upserted: Loppemarked &#8211; Axeltorv ved Tivoli
2025-10-07 15:37:20,354 - WARNING -   STDERR: 2025-10-07 15:36:13 [loppemarkeder] INFO: Parsed address for 'Havnsø Kræmmer- og Loppemarked': {'full_address': 'Havnepladsen 3', 'postal_code': '4591', 'city': 'Føllenslev', 'latitude': 55.7257505, 'longitude': 11.3508868}
2025-10-07 15:37:20,354 - WARNING -   STDERR: 2025-10-07 15:36:13 [loppemarkeder] INFO: ✓ Using parsed coordinates: (55.7257505, 11.3508868)
2025-10-07 15:37:20,355 - WARNING -   STDERR: 2025-10-07 15:36:13 [httpx] INFO: HTTP Request: GET https://oprevwbturtujbugynct.supabase.co/rest/v1/markets?select=loppemarkeder_nu&external_id=eq.10002661 "HTTP/2 406 Not Acceptable"
2025-10-07 15:37:20,355 - WARNING -   STDERR: 2025-10-07 15:36:13 [httpx] INFO: HTTP Request: POST https://oprevwbturtujbugynct.supabase.co/rest/v1/markets?on_conflict=external_id "HTTP/2 201 Created"
2025-10-07 15:37:20,355 - WARNING -   STDERR: 2025-10-07 15:36:13 [loppemarkeder] INFO: ✓ [4/4] Successfully upserted: Toftegårds Plads &#8211; Loppemarked
2025-10-07 15:37:20,356 - WARNING -   STDERR: 2025-10-07 15:36:13 [httpx] INFO: HTTP Request: GET https://oprevwbturtujbugynct.supabase.co/rest/v1/markets?select=loppemarkeder_nu&external_id=eq.10000688 "HTTP/2 406 Not Acceptable"
2025-10-07 15:37:20,356 - WARNING -   STDERR: 2025-10-07 15:36:13 [httpx] INFO: HTTP Request: POST https://oprevwbturtujbugynct.supabase.co/rest/v1/markets?on_conflict=external_id "HTTP/2 201 Created"
2025-10-07 15:37:20,356 - WARNING -   STDERR: 2025-10-07 15:36:13 [loppemarkeder] INFO: ✓ [5/5] Successfully upserted: Loppemarked &#8211; Lørdagsmarked &#8211; Vig
2025-10-07 15:37:20,357 - WARNING -   STDERR: 2025-10-07 15:36:14 [loppemarkeder] INFO: Parsed address for 'Loppetorv på Frederiksberg Rådhusplads': {'full_address': 'John Winthers Plads 1', 'postal_code': None, 'city': 'John Winthers Plads 1', 'latitude': 55.67862595, 'longitude': 12.528733311116252}
2025-10-07 15:37:20,357 - WARNING -   STDERR: 2025-10-07 15:36:14 [loppemarkeder] INFO: ✓ Using parsed coordinates: (55.67862595, 12.528733311116252)
2025-10-07 15:37:20,357 - WARNING -   STDERR: 2025-10-07 15:36:14 [httpx] INFO: HTTP Request: GET https://oprevwbturtujbugynct.supabase.co/rest/v1/markets?select=loppemarkeder_nu&external_id=eq.10002152 "HTTP/2 406 Not Acceptable"
2025-10-07 15:37:20,358 - WARNING -   STDERR: 2025-10-07 15:36:14 [httpx] INFO: HTTP Request: POST https://oprevwbturtujbugynct.supabase.co/rest/v1/markets?on_conflict=external_id "HTTP/2 201 Created"
2025-10-07 15:37:20,358 - WARNING -   STDERR: 2025-10-07 15:36:14 [loppemarkeder] INFO: ✓ [6/6] Successfully upserted: Havnsø Kræmmer- og Loppemarked
2025-10-07 15:37:20,358 - WARNING -   STDERR: 2025-10-07 15:36:14 [loppemarkeder] INFO: Parsed address for 'Nakskov Loppemarked': {'full_address': 'Østergade 18', 'postal_code': '4900', 'city': 'Nakskov', 'latitude': 54.831326, 'longitude': 11.14139}
2025-10-07 15:37:20,358 - WARNING -   STDERR: 2025-10-07 15:36:14 [loppemarkeder] INFO: ✓ Using parsed coordinates: (54.831326, 11.14139)
2025-10-07 15:37:20,359 - WARNING -   STDERR: 2025-10-07 15:36:14 [httpx] INFO: HTTP Request: GET https://oprevwbturtujbugynct.supabase.co/rest/v1/markets?select=loppemarkeder_nu&external_id=eq.10002289 "HTTP/2 406 Not Acceptable"
2025-10-07 15:37:20,359 - WARNING -   STDERR: 2025-10-07 15:36:14 [httpx] INFO: HTTP Request: POST https://oprevwbturtujbugynct.supabase.co/rest/v1/markets?on_conflict=external_id "HTTP/2 201 Created"
2025-10-07 15:37:20,359 - WARNING -   STDERR: 2025-10-07 15:36:14 [loppemarkeder] INFO: ✓ [7/7] Successfully upserted: Loppetorv på Frederiksberg Rådhusplads
2025-10-07 15:37:20,359 - WARNING -   STDERR: 2025-10-07 15:36:15 [loppemarkeder] INFO: Parsed address for 'Værebro Park Loppemarked  flea market 蚤市场': {'full_address': 'Værebrovej 72', 'postal_code': '2880', 'city': 'Bagsværd', 'latitude': 55.758458, 'longitude': 12.439345}
2025-10-07 15:37:20,360 - WARNING -   STDERR: 2025-10-07 15:36:15 [loppemarkeder] INFO: ✓ Using parsed coordinates: (55.758458, 12.439345)
2025-10-07 15:37:20,360 - WARNING -   STDERR: 2025-10-07 15:36:15 [httpx] INFO: HTTP Request: GET https://oprevwbturtujbugynct.supabase.co/rest/v1/markets?select=loppemarkeder_nu&external_id=eq.10001764 "HTTP/2 406 Not Acceptable"
2025-10-07 15:37:20,360 - WARNING -   STDERR: 2025-10-07 15:36:15 [httpx] INFO: HTTP Request: POST https://oprevwbturtujbugynct.supabase.co/rest/v1/markets?on_conflict=external_id "HTTP/2 201 Created"
2025-10-07 15:37:20,361 - WARNING -   STDERR: 2025-10-07 15:36:15 [loppemarkeder] INFO: ✓ [8/8] Successfully upserted: Nakskov Loppemarked
2025-10-07 15:37:20,361 - WARNING -   STDERR: 2025-10-07 15:36:15 [loppemarkeder] INFO: Parsed address for 'Helsingør Antik- og Loppemarked': {'full_address': 'Industrivej 13 A', 'postal_code': '3000', 'city': 'Helsingør', 'latitude': 56.021929, 'longitude': 12.569451}
2025-10-07 15:37:20,361 - WARNING -   STDERR: 2025-10-07 15:36:15 [loppemarkeder] INFO: ✓ Using parsed coordinates: (56.021929, 12.569451)
2025-10-07 15:37:20,361 - WARNING -   STDERR: 2025-10-07 15:36:15 [httpx] INFO: HTTP Request: GET https://oprevwbturtujbugynct.supabase.co/rest/v1/markets?select=loppemarkeder_nu&external_id=eq.10001916 "HTTP/2 406 Not Acceptable"
2025-10-07 15:37:20,361 - WARNING -   STDERR: 2025-10-07 15:36:15 [httpx] INFO: HTTP Request: POST https://oprevwbturtujbugynct.supabase.co/rest/v1/markets?on_conflict=external_id "HTTP/2 201 Created"
2025-10-07 15:37:20,362 - WARNING -   STDERR: 2025-10-07 15:36:15 [loppemarkeder] INFO: ✓ [9/9] Successfully upserted: Værebro Park Loppemarked  flea market 蚤市场
2025-10-07 15:37:20,362 - WARNING -   STDERR: 2025-10-07 15:36:16 [loppemarkeder] INFO: Parsed address for 'Klodsevent 2025': {'full_address': 'Sorø-Hallerne', 'postal_code': None, 'city': 'Sorø-Hallerne', 'latitude': 55.43890245, 'longitude': 11.564205096913824}
2025-10-07 15:37:20,362 - WARNING -   STDERR: 2025-10-07 15:36:16 [loppemarkeder] INFO: ✓ Using parsed coordinates: (55.43890245, 11.564205096913824)
2025-10-07 15:37:20,362 - WARNING -   STDERR: 2025-10-07 15:36:16 [httpx] INFO: HTTP Request: GET https://oprevwbturtujbugynct.supabase.co/rest/v1/markets?select=loppemarkeder_nu&external_id=eq.10002239 "HTTP/2 406 Not Acceptable"
2025-10-07 15:37:20,363 - WARNING -   STDERR: 2025-10-07 15:36:16 [httpx] INFO: HTTP Request: POST https://oprevwbturtujbugynct.supabase.co/rest/v1/markets?on_conflict=external_id "HTTP/2 201 Created"
2025-10-07 15:37:20,363 - WARNING -   STDERR: 2025-10-07 15:36:16 [loppemarkeder] INFO: ✓ [10/10] Successfully upserted: Helsingør Antik- og Loppemarked
2025-10-07 15:37:20,363 - WARNING -   STDERR: 2025-10-07 15:36:16 [loppemarkeder] INFO: Parsed address for 'Vanløse Torv Loppemarked': {'full_address': 'Vanløse Torv', 'postal_code': None, 'city': 'Vanløse Torv', 'latitude': 55.6876395, 'longitude': 12.490418153970278}
2025-10-07 15:37:20,363 - WARNING -   STDERR: 2025-10-07 15:36:16 [loppemarkeder] INFO: ✓ Using parsed coordinates: (55.6876395, 12.490418153970278)
2025-10-07 15:37:20,363 - WARNING -   STDERR: 2025-10-07 15:36:16 [httpx] INFO: HTTP Request: GET https://oprevwbturtujbugynct.supabase.co/rest/v1/markets?select=loppemarkeder_nu&external_id=eq.87554 "HTTP/2 406 Not Acceptable"
2025-10-07 15:37:20,364 - WARNING -   STDERR: 2025-10-07 15:36:16 [httpx] INFO: HTTP Request: POST https://oprevwbturtujbugynct.supabase.co/rest/v1/markets?on_conflict=external_id "HTTP/2 201 Created"
2025-10-07 15:37:20,364 - WARNING -   STDERR: 2025-10-07 15:36:16 [loppemarkeder] INFO: ✓ [11/11] Successfully upserted: Klodsevent 2025
2025-10-07 15:37:20,364 - WARNING -   STDERR: 2025-10-07 15:36:17 [loppemarkeder] INFO: Parsed address for 'NABs årlige loppemarked &#8211; Nørre Alslev': {'full_address': 'skolegade 3', 'postal_code': None, 'city': 'Nørre Alslev', 'latitude': 54.895943, 'longitude': 11.882072}
2025-10-07 15:37:20,364 - WARNING -   STDERR: 2025-10-07 15:36:17 [loppemarkeder] INFO: ✓ Using parsed coordinates: (54.895943, 11.882072)
2025-10-07 15:37:20,365 - WARNING -   STDERR: 2025-10-07 15:36:17 [httpx] INFO: HTTP Request: GET https://oprevwbturtujbugynct.supabase.co/rest/v1/markets?select=loppemarkeder_nu&external_id=eq.10002715 "HTTP/2 406 Not Acceptable"
2025-10-07 15:37:20,365 - WARNING -   STDERR: 2025-10-07 15:36:17 [httpx] INFO: HTTP Request: POST https://oprevwbturtujbugynct.supabase.co/rest/v1/markets?on_conflict=external_id "HTTP/2 201 Created"
2025-10-07 15:37:20,365 - WARNING -   STDERR: 2025-10-07 15:36:17 [loppemarkeder] INFO: ✓ [12/12] Successfully upserted: Vanløse Torv Loppemarked
2025-10-07 15:37:20,365 - WARNING -   STDERR: 2025-10-07 15:36:17 [loppemarkeder] INFO: Parsed address for 'SMUT BG Loppemarked': {'full_address': 'Tølløse Hallen', 'postal_code': None, 'city': 'Tølløse Hallen', 'latitude': 55.61781155, 'longitude': 11.758945574281443}
2025-10-07 15:37:20,366 - WARNING -   STDERR: 2025-10-07 15:36:17 [loppemarkeder] INFO: ✓ Using parsed coordinates: (55.61781155, 11.758945574281443)
2025-10-07 15:37:20,366 - WARNING -   STDERR: 2025-10-07 15:36:18 [httpx] INFO: HTTP Request: GET https://oprevwbturtujbugynct.supabase.co/rest/v1/markets?select=loppemarkeder_nu&external_id=eq.94868 "HTTP/2 406 Not Acceptable"
2025-10-07 15:37:20,366 - WARNING -   STDERR: 2025-10-07 15:36:18 [httpx] INFO: HTTP Request: POST https://oprevwbturtujbugynct.supabase.co/rest/v1/markets?on_conflict=external_id "HTTP/2 201 Created"
2025-10-07 15:37:20,366 - WARNING -   STDERR: 2025-10-07 15:36:18 [loppemarkeder] INFO: ✓ [13/13] Successfully upserted: NABs årlige loppemarked &#8211; Nørre Alslev
2025-10-07 15:37:20,367 - WARNING -   STDERR: 2025-10-07 15:36:19 [loppemarkeder] INFO: Parsed address for 'Københavns Loppetorv': {'full_address': 'Israles Plads', 'postal_code': None, 'city': 'Israles Plads', 'latitude': 55.966966, 'longitude': 9.018163}
2025-10-07 15:37:20,367 - WARNING -   STDERR: 2025-10-07 15:36:19 [loppemarkeder] INFO: ✓ Using parsed coordinates: (55.966966, 9.018163)
2025-10-07 15:37:20,367 - WARNING -   STDERR: 2025-10-07 15:36:19 [httpx] INFO: HTTP Request: GET https://oprevwbturtujbugynct.supabase.co/rest/v1/markets?select=loppemarkeder_nu&external_id=eq.95838 "HTTP/2 406 Not Acceptable"
2025-10-07 15:37:20,367 - WARNING -   STDERR: 2025-10-07 15:36:19 [httpx] INFO: HTTP Request: POST https://oprevwbturtujbugynct.supabase.co/rest/v1/markets?on_conflict=external_id "HTTP/2 201 Created"
2025-10-07 15:37:20,368 - WARNING -   STDERR: 2025-10-07 15:36:19 [loppemarkeder] INFO: ✓ [14/14] Successfully upserted: SMUT BG Loppemarked
2025-10-07 15:37:20,368 - WARNING -   STDERR: 2025-10-07 15:36:19 [loppemarkeder] INFO: Parsed address for 'Jomsborg Loppemarked': {'full_address': 'Lykkesholms Allé 12 Danmark', 'postal_code': '1902', 'city': 'Frederiksberg C', 'latitude': 55.676745, 'longitude': 12.548258}
2025-10-07 15:37:20,368 - WARNING -   STDERR: 2025-10-07 15:36:19 [loppemarkeder] INFO: ✓ Using parsed coordinates: (55.676745, 12.548258)
2025-10-07 15:37:20,368 - WARNING -   STDERR: 2025-10-07 15:36:19 [httpx] INFO: HTTP Request: GET https://oprevwbturtujbugynct.supabase.co/rest/v1/markets?select=loppemarkeder_nu&external_id=eq.10001684 "HTTP/2 406 Not Acceptable"
2025-10-07 15:37:20,368 - WARNING -   STDERR: 2025-10-07 15:36:19 [httpx] INFO: HTTP Request: POST https://oprevwbturtujbugynct.supabase.co/rest/v1/markets?on_conflict=external_id "HTTP/2 201 Created"
2025-10-07 15:37:20,369 - WARNING -   STDERR: 2025-10-07 15:36:19 [loppemarkeder] INFO: ✓ [15/15] Successfully upserted: Københavns Loppetorv
2025-10-07 15:37:20,369 - WARNING -   STDERR: 2025-10-07 15:36:20 [loppemarkeder] INFO: Parsed address for 'Holte Loppemarked': {'full_address': 'Holte stationsvej,  Holte Midtpunkt.,  Holte', 'postal_code': None, 'city': 'Denmark', 'latitude': 55.811416391002716, 'longitude': 12.471093345668654}
2025-10-07 15:37:20,369 - WARNING -   STDERR: 2025-10-07 15:36:20 [loppemarkeder] INFO: ✓ Using parsed coordinates: (55.811416391002716, 12.471093345668654)
2025-10-07 15:37:20,369 - WARNING -   STDERR: 2025-10-07 15:36:20 [httpx] INFO: HTTP Request: GET https://oprevwbturtujbugynct.supabase.co/rest/v1/markets?select=loppemarkeder_nu&external_id=eq.96231 "HTTP/2 406 Not Acceptable"
2025-10-07 15:37:20,370 - WARNING -   STDERR: 2025-10-07 15:36:20 [httpx] INFO: HTTP Request: POST https://oprevwbturtujbugynct.supabase.co/rest/v1/markets?on_conflict=external_id "HTTP/2 201 Created"
2025-10-07 15:37:20,370 - WARNING -   STDERR: 2025-10-07 15:36:20 [loppemarkeder] INFO: ✓ [16/16] Successfully upserted: Jomsborg Loppemarked
2025-10-07 15:37:20,370 - WARNING -   STDERR: 2025-10-07 15:36:20 [loppemarkeder] INFO: Parsed address for 'Rørvig Kræmmermarked': {'full_address': 'Toldbodvej 55', 'postal_code': '4581', 'city': 'Rørvig', 'latitude': 55.944793, 'longitude': 11.760895}
2025-10-07 15:37:20,370 - WARNING -   STDERR: 2025-10-07 15:36:20 [loppemarkeder] INFO: ✓ Using parsed coordinates: (55.944793, 11.760895)
2025-10-07 15:37:20,371 - WARNING -   STDERR: 2025-10-07 15:36:20 [httpx] INFO: HTTP Request: GET https://oprevwbturtujbugynct.supabase.co/rest/v1/markets?select=loppemarkeder_nu&external_id=eq.10000592 "HTTP/2 406 Not Acceptable"
2025-10-07 15:37:20,371 - WARNING -   STDERR: 2025-10-07 15:36:20 [httpx] INFO: HTTP Request: POST https://oprevwbturtujbugynct.supabase.co/rest/v1/markets?on_conflict=external_id "HTTP/2 201 Created"
2025-10-07 15:37:20,371 - WARNING -   STDERR: 2025-10-07 15:36:20 [loppemarkeder] INFO: ✓ [17/17] Successfully upserted: Holte Loppemarked
2025-10-07 15:37:20,371 - WARNING -   STDERR: 2025-10-07 15:36:21 [loppemarkeder] INFO: Parsed address for 'Loppe- &#038; Kræmmermarked i Slagelsehallen': {'full_address': 'Parkvej 33', 'postal_code': '4200', 'city': 'Slagelse', 'latitude': 55.400966, 'longitude': 11.362838}
2025-10-07 15:37:20,372 - WARNING -   STDERR: 2025-10-07 15:36:21 [loppemarkeder] INFO: ✓ Using parsed coordinates: (55.400966, 11.362838)
2025-10-07 15:37:20,372 - WARNING -   STDERR: 2025-10-07 15:36:21 [httpx] INFO: HTTP Request: GET https://oprevwbturtujbugynct.supabase.co/rest/v1/markets?select=loppemarkeder_nu&external_id=eq.10000618 "HTTP/2 406 Not Acceptable"
2025-10-07 15:37:20,372 - WARNING -   STDERR: 2025-10-07 15:36:21 [httpx] INFO: HTTP Request: POST https://oprevwbturtujbugynct.supabase.co/rest/v1/markets?on_conflict=external_id "HTTP/2 201 Created"
2025-10-07 15:37:20,372 - WARNING -   STDERR: 2025-10-07 15:36:21 [loppemarkeder] INFO: ✓ [18/18] Successfully upserted: Rørvig Kræmmermarked
2025-10-07 15:37:20,373 - WARNING -   STDERR: 2025-10-07 15:36:22 [loppemarkeder] INFO: Parsed address for 'BYENS LOPPER X TRIANGLEN': {'full_address': 'Trianglen', 'postal_code': None, 'city': 'Østerbro', 'latitude': 55.69911293385646, 'longitude': 12.577475099112645}
2025-10-07 15:37:20,373 - WARNING -   STDERR: 2025-10-07 15:36:22 [loppemarkeder] INFO: ✓ Using parsed coordinates: (55.69911293385646, 12.577475099112645)
2025-10-07 15:37:20,373 - WARNING -   STDERR: 2025-10-07 15:36:22 [httpx] INFO: HTTP Request: GET https://oprevwbturtujbugynct.supabase.co/rest/v1/markets?select=loppemarkeder_nu&external_id=eq.85357 "HTTP/2 406 Not Acceptable"
2025-10-07 15:37:20,373 - WARNING -   STDERR: 2025-10-07 15:36:22 [httpx] INFO: HTTP Request: POST https://oprevwbturtujbugynct.supabase.co/rest/v1/markets?on_conflict=external_id "HTTP/2 201 Created"
2025-10-07 15:37:20,373 - WARNING -   STDERR: 2025-10-07 15:36:22 [loppemarkeder] INFO: ✓ [19/19] Successfully upserted: Loppe- &#038; Kræmmermarked i Slagelsehallen
2025-10-07 15:37:20,374 - WARNING -   STDERR: 2025-10-07 15:36:23 [loppemarkeder] INFO: Parsed address for 'Veras Market Under Buen': {'full_address': 'Veras Market', 'postal_code': None, 'city': 'Veras Market', 'latitude': 55.6948091, 'longitude': 12.5349806}
2025-10-07 15:37:20,374 - WARNING -   STDERR: 2025-10-07 15:36:23 [loppemarkeder] INFO: ✓ Using parsed coordinates: (55.6948091, 12.5349806)
2025-10-07 15:37:20,374 - WARNING -   STDERR: 2025-10-07 15:36:23 [httpx] INFO: HTTP Request: GET https://oprevwbturtujbugynct.supabase.co/rest/v1/markets?select=loppemarkeder_nu&external_id=eq.86058 "HTTP/2 406 Not Acceptable"
2025-10-07 15:37:20,374 - WARNING -   STDERR: 2025-10-07 15:36:23 [httpx] INFO: HTTP Request: POST https://oprevwbturtujbugynct.supabase.co/rest/v1/markets?on_conflict=external_id "HTTP/2 201 Created"
2025-10-07 15:37:20,374 - WARNING -   STDERR: 2025-10-07 15:36:23 [loppemarkeder] INFO: ✓ [20/20] Successfully upserted: BYENS LOPPER X TRIANGLEN
2025-10-07 15:37:20,375 - WARNING -   STDERR: 2025-10-07 15:36:23 [loppemarkeder] INFO: Parsed address for 'Tissø kræmmermarked': {'full_address': 'Sæbyvej 48', 'postal_code': '4270', 'city': 'Høng', 'latitude': 55.549774, 'longitude': 11.30911}
2025-10-07 15:37:20,375 - WARNING -   STDERR: 2025-10-07 15:36:23 [loppemarkeder] INFO: ✓ Using parsed coordinates: (55.549774, 11.30911)
2025-10-07 15:37:20,375 - WARNING -   STDERR: 2025-10-07 15:36:23 [httpx] INFO: HTTP Request: GET https://oprevwbturtujbugynct.supabase.co/rest/v1/markets?select=loppemarkeder_nu&external_id=eq.86175 "HTTP/2 406 Not Acceptable"
2025-10-07 15:37:20,375 - WARNING -   STDERR: 2025-10-07 15:36:23 [httpx] INFO: HTTP Request: POST https://oprevwbturtujbugynct.supabase.co/rest/v1/markets?on_conflict=external_id "HTTP/2 201 Created"
2025-10-07 15:37:20,376 - WARNING -   STDERR: 2025-10-07 15:36:23 [loppemarkeder] INFO: ✓ [21/21] Successfully upserted: Veras Market Under Buen
2025-10-07 15:37:20,376 - WARNING -   STDERR: 2025-10-07 15:36:24 [loppemarkeder] INFO: Parsed address for 'OLG &#8211; Odsherred’s Antik og Kræmmermarked': {'full_address': 'Sneglerupvej 2', 'postal_code': '4571', 'city': 'Grevinge', 'latitude': 55.801382, 'longitude': 11.558796}
2025-10-07 15:37:20,376 - WARNING -   STDERR: 2025-10-07 15:36:24 [loppemarkeder] INFO: ✓ Using parsed coordinates: (55.801382, 11.558796)
2025-10-07 15:37:20,376 - WARNING -   STDERR: 2025-10-07 15:36:24 [httpx] INFO: HTTP Request: GET https://oprevwbturtujbugynct.supabase.co/rest/v1/markets?select=loppemarkeder_nu&external_id=eq.10001639 "HTTP/2 406 Not Acceptable"
2025-10-07 15:37:20,377 - WARNING -   STDERR: 2025-10-07 15:36:24 [httpx] INFO: HTTP Request: POST https://oprevwbturtujbugynct.supabase.co/rest/v1/markets?on_conflict=external_id "HTTP/2 201 Created"
2025-10-07 15:37:20,377 - WARNING -   STDERR: 2025-10-07 15:36:24 [loppemarkeder] INFO: ✓ [22/22] Successfully upserted: Tissø kræmmermarked
2025-10-07 15:37:20,377 - WARNING -   STDERR: 2025-10-07 15:36:24 [loppemarkeder] INFO: Parsed address for '&#8220;Pænere&#8221; genbrug Skt Jakobs Plads': {'full_address': 'Østerbrogade 106', 'postal_code': '2100', 'city': 'København Ø', 'latitude': 55.702969, 'longitude': 12.577698}
2025-10-07 15:37:20,377 - WARNING -   STDERR: 2025-10-07 15:36:24 [loppemarkeder] INFO: ✓ Using parsed coordinates: (55.702969, 12.577698)
2025-10-07 15:37:20,378 - WARNING -   STDERR: 2025-10-07 15:36:24 [httpx] INFO: HTTP Request: GET https://oprevwbturtujbugynct.supabase.co/rest/v1/markets?select=loppemarkeder_nu&external_id=eq.10001828 "HTTP/2 406 Not Acceptable"
2025-10-07 15:37:20,378 - WARNING -   STDERR: 2025-10-07 15:36:24 [httpx] INFO: HTTP Request: POST https://oprevwbturtujbugynct.supabase.co/rest/v1/markets?on_conflict=external_id "HTTP/2 201 Created"
2025-10-07 15:37:20,378 - WARNING -   STDERR: 2025-10-07 15:36:24 [loppemarkeder] INFO: ✓ [23/23] Successfully upserted: OLG &#8211; Odsherred’s Antik og Kræmmermarked
2025-10-07 15:37:20,378 - WARNING -   STDERR: 2025-10-07 15:36:25 [loppemarkeder] INFO: Parsed address for 'Helsingør Antik- og Loppemarked': {'full_address': 'Industrivej 13 A', 'postal_code': '3000', 'city': 'Helsingør', 'latitude': 56.021929, 'longitude': 12.569451}
2025-10-07 15:37:20,378 - WARNING -   STDERR: 2025-10-07 15:36:25 [loppemarkeder] INFO: ✓ Using parsed coordinates: (56.021929, 12.569451)
2025-10-07 15:37:20,379 - WARNING -   STDERR: 2025-10-07 15:36:25 [httpx] INFO: HTTP Request: GET https://oprevwbturtujbugynct.supabase.co/rest/v1/markets?select=loppemarkeder_nu&external_id=eq.10001953 "HTTP/2 406 Not Acceptable"
2025-10-07 15:37:20,379 - WARNING -   STDERR: 2025-10-07 15:36:25 [httpx] INFO: HTTP Request: POST https://oprevwbturtujbugynct.supabase.co/rest/v1/markets?on_conflict=external_id "HTTP/2 201 Created"
2025-10-07 15:37:20,379 - WARNING -   STDERR: 2025-10-07 15:36:25 [loppemarkeder] INFO: ✓ [24/24] Successfully upserted: &#8220;Pænere&#8221; genbrug Skt Jakobs Plads
2025-10-07 15:37:20,379 - WARNING -   STDERR: 2025-10-07 15:36:25 [loppemarkeder] INFO: Parsed address for 'Fruens &#038; Fultons Loppemarked': {'full_address': 'Haslev Badmintonhal', 'postal_code': None, 'city': 'Haslev Badmintonhal', 'latitude': 55.328648, 'longitude': 11.958569}
2025-10-07 15:37:20,380 - WARNING -   STDERR: 2025-10-07 15:36:25 [loppemarkeder] INFO: ✓ Using parsed coordinates: (55.328648, 11.958569)
2025-10-07 15:37:20,380 - WARNING -   STDERR: 2025-10-07 15:36:25 [httpx] INFO: HTTP Request: GET https://oprevwbturtujbugynct.supabase.co/rest/v1/markets?select=loppemarkeder_nu&external_id=eq.10002240 "HTTP/2 406 Not Acceptable"
2025-10-07 15:37:20,380 - WARNING -   STDERR: 2025-10-07 15:36:25 [httpx] INFO: HTTP Request: POST https://oprevwbturtujbugynct.supabase.co/rest/v1/markets?on_conflict=external_id "HTTP/2 201 Created"
2025-10-07 15:37:20,380 - WARNING -   STDERR: 2025-10-07 15:36:25 [loppemarkeder] INFO: ✓ [25/25] Successfully upserted: Helsingør Antik- og Loppemarked
2025-10-07 15:37:20,380 - WARNING -   STDERR: 2025-10-07 15:36:27 [loppemarkeder] INFO: Parsed address for 'Nysted loppe- og plademarked': {'full_address': 'Nysted Skole Nordre Kongemarksvej', 'postal_code': None, 'city': 'Nysted Skole Nordre Kongemarksvej', 'latitude': 54.66488545, 'longitude': 11.73246055539462}
2025-10-07 15:37:20,381 - WARNING -   STDERR: 2025-10-07 15:36:27 [loppemarkeder] INFO: ✓ Using parsed coordinates: (54.66488545, 11.73246055539462)
2025-10-07 15:37:20,381 - WARNING -   STDERR: 2025-10-07 15:36:27 [httpx] INFO: HTTP Request: GET https://oprevwbturtujbugynct.supabase.co/rest/v1/markets?select=loppemarkeder_nu&external_id=eq.96310 "HTTP/2 406 Not Acceptable"
2025-10-07 15:37:20,381 - WARNING -   STDERR: 2025-10-07 15:36:27 [httpx] INFO: HTTP Request: POST https://oprevwbturtujbugynct.supabase.co/rest/v1/markets?on_conflict=external_id "HTTP/2 201 Created"
2025-10-07 15:37:20,381 - WARNING -   STDERR: 2025-10-07 15:36:27 [loppemarkeder] INFO: ✓ [26/26] Successfully upserted: Fruens &#038; Fultons Loppemarked
2025-10-07 15:37:20,382 - WARNING -   STDERR: 2025-10-07 15:36:28 [loppemarkeder] INFO: Parsed address for 'Loppemarked i Gårdhaven': {'full_address': 'Reberbanegade 3 Denmark', 'postal_code': '2800', 'city': 'Copenhagen', 'latitude': 55.662829, 'longitude': 12.603788}
2025-10-07 15:37:20,382 - WARNING -   STDERR: 2025-10-07 15:36:28 [loppemarkeder] INFO: ✓ Using parsed coordinates: (55.662829, 12.603788)
2025-10-07 15:37:20,382 - WARNING -   STDERR: 2025-10-07 15:36:28 [httpx] INFO: HTTP Request: GET https://oprevwbturtujbugynct.supabase.co/rest/v1/markets?select=loppemarkeder_nu&external_id=eq.96710 "HTTP/2 406 Not Acceptable"
2025-10-07 15:37:20,382 - WARNING -   STDERR: 2025-10-07 15:36:28 [httpx] INFO: HTTP Request: POST https://oprevwbturtujbugynct.supabase.co/rest/v1/markets?on_conflict=external_id "HTTP/2 201 Created"
2025-10-07 15:37:20,382 - WARNING -   STDERR: 2025-10-07 15:36:28 [loppemarkeder] INFO: ✓ [27/27] Successfully upserted: Nysted loppe- og plademarked
2025-10-07 15:37:20,383 - WARNING -   STDERR: 2025-10-07 15:36:29 [loppemarkeder] INFO: Parsed address for 'Børneloppemarked &#8211; Nykøbenhavn F': {'full_address': 'torvet i Nykøbing F', 'postal_code': None, 'city': 'torvet i Nykøbing F', 'latitude': 54.7646137, 'longitude': 11.8709918}
